<?xml version="1.0" encoding="UTF-8"?>
<!-- Generated by org.testng.reporters.JUnitReportReporter -->
<testsuite hostname="Cibhichakaravarthi" failures="0" tests="27" name="runner.CucumberRunner" time="148.863" errors="0" timestamp="2025-05-13T03:14:25 IST" skipped="0">
  <testcase classname="runner.CucumberRunner" name="runScenario" time="5.238"/>
  <system-out/>
  <testcase classname="runner.CucumberRunner" name="runScenario" time="5.783"/>
  <system-out/>
  <testcase classname="runner.CucumberRunner" name="runScenario" time="7.995"/>
  <system-out/>
  <testcase classname="runner.CucumberRunner" name="runScenario" time="3.160"/>
  <system-out/>
  <testcase classname="runner.CucumberRunner" name="runScenario" time="5.530"/>
  <system-out/>
  <testcase classname="runner.CucumberRunner" name="runScenario" time="4.720"/>
  <system-out/>
  <testcase classname="runner.CucumberRunner" name="runScenario" time="6.285"/>
  <system-out/>
  <testcase classname="runner.CucumberRunner" name="runScenario" time="6.784"/>
  <system-out/>
  <testcase classname="runner.CucumberRunner" name="runScenario" time="5.936"/>
  <system-out/>
  <testcase classname="runner.CucumberRunner" name="runScenario" time="5.515"/>
  <system-out/>
  <testcase classname="runner.CucumberRunner" name="runScenario" time="5.800"/>
  <system-out/>
  <testcase classname="runner.CucumberRunner" name="runScenario" time="5.519"/>
  <system-out/>
  <testcase classname="runner.CucumberRunner" name="runScenario" time="5.930"/>
  <system-out/>
  <testcase classname="runner.CucumberRunner" name="runScenario" time="5.836"/>
  <system-out/>
  <testcase classname="runner.CucumberRunner" name="runScenario" time="5.550"/>
  <system-out/>
  <testcase classname="runner.CucumberRunner" name="runScenario" time="5.418"/>
  <system-out/>
  <testcase classname="runner.CucumberRunner" name="runScenario" time="5.034"/>
  <system-out/>
  <testcase classname="runner.CucumberRunner" name="runScenario" time="5.483"/>
  <system-out/>
  <testcase classname="runner.CucumberRunner" name="runScenario" time="5.427"/>
  <system-out/>
  <testcase classname="runner.CucumberRunner" name="runScenario" time="4.882"/>
  <system-out/>
  <testcase classname="runner.CucumberRunner" name="runScenario" time="5.768"/>
  <system-out/>
  <testcase classname="runner.CucumberRunner" name="runScenario" time="4.891"/>
  <system-out/>
  <testcase classname="runner.CucumberRunner" name="runScenario" time="5.085"/>
  <system-out/>
  <testcase classname="runner.CucumberRunner" name="runScenario" time="4.402"/>
  <system-out/>
  <testcase classname="runner.CucumberRunner" name="runScenario" time="5.390"/>
  <system-out/>
  <testcase classname="runner.CucumberRunner" name="runScenario" time="5.734"/>
  <system-out/>
  <testcase classname="runner.CucumberRunner" name="runScenario" time="5.768"/>
  <system-out/>
</testsuite> <!-- runner.CucumberRunner -->
